<?xml version="1.0" encoding="UTF-8"?>
<testng-results ignored="0" total="2" passed="2" failed="0" skipped="0">
  <reporter-output>
  </reporter-output>
  <suite started-at="2021-03-29T21:42:20 COT" name="Surefire suite" finished-at="2021-03-29T21:42:38 COT" duration-ms="17814">
    <groups>
    </groups>
    <test started-at="2021-03-29T21:42:20 COT" name="Surefire test" finished-at="2021-03-29T21:42:38 COT" duration-ms="17814">
      <class name="org.example.DemoTest">
        <test-method is-config="true" signature="setUp()[pri:0, instance:org.example.DemoTest@77a57272]" started-at="2021-03-29T21:42:20 COT" name="setUp" finished-at="2021-03-29T21:42:22 COT" duration-ms="1626" status="PASS">
          <reporter-output>
          </reporter-output>
        </test-method> <!-- setUp -->
        <test-method signature="flightTest(java.util.HashMap)[pri:0, instance:org.example.DemoTest@77a57272]" started-at="2021-03-29T21:42:22 COT" name="flightTest" data-provider="getData" finished-at="2021-03-29T21:42:32 COT" duration-ms="9601" status="PASS">
          <params>
            <param index="0">
              <value>
                <![CDATA[{destination=HYD, origin2=DEL, origin=MAA}]]>
              </value>
            </param>
          </params>
          <reporter-output>
          </reporter-output>
        </test-method> <!-- flightTest -->
        <test-method signature="flightTest(java.util.HashMap)[pri:0, instance:org.example.DemoTest@77a57272]" started-at="2021-03-29T21:42:32 COT" name="flightTest" data-provider="getData" finished-at="2021-03-29T21:42:37 COT" duration-ms="5743" status="PASS">
          <params>
            <param index="0">
              <value>
                <![CDATA[{destination=HYD, origin2=MAA, origin=DEL}]]>
              </value>
            </param>
          </params>
          <reporter-output>
          </reporter-output>
        </test-method> <!-- flightTest -->
        <test-method is-config="true" signature="tearDown()[pri:0, instance:org.example.DemoTest@77a57272]" started-at="2021-03-29T21:42:37 COT" name="tearDown" finished-at="2021-03-29T21:42:38 COT" duration-ms="681" status="PASS">
          <reporter-output>
          </reporter-output>
        </test-method> <!-- tearDown -->
      </class> <!-- org.example.DemoTest -->
    </test> <!-- Surefire test -->
  </suite> <!-- Surefire suite -->
</testng-results>
